<?xml version="1.0" encoding="UTF-8"?>
<!-- Generated by org.testng.reporters.JUnitXMLReporter -->
<testsuite hostname="Rajiv" ignored="3" tests="0" failures="0" timestamp="01 Feb 2019 07:09:37 GMT" time="0.224" errors="0">
  <testcase name="validateLoginImage" time="0.0" classname="qa.crm.testcases.LoginPageTest">
    <ignored/>
  </testcase> <!-- validateLoginImage -->
  <testcase name="validateLoginPageTitle" time="0.0" classname="qa.crm.testcases.LoginPageTest">
    <ignored/>
  </testcase> <!-- validateLoginPageTitle -->
  <testcase name="LoginTest" time="0.0" classname="qa.crm.testcases.LoginPageTest">
    <ignored/>
  </testcase> <!-- LoginTest -->
</testsuite>
