<?xml version="1.0" encoding="UTF-8"?>
<!-- Generated by org.testng.reporters.JUnitXMLReporter -->
<testsuite hostname="Rajiv" ignored="0" name="Suite 04 --- Chrome" tests="3" failures="0" timestamp="02 Feb 2019 07:14:11 GMT" time="126.948" errors="0">
  <testcase name="validateLoginImage" time="13.52" classname="qa.crm.testcases.LoginPageTest"/>
  <testcase name="validateLoginPageTitle" time="0.012" classname="qa.crm.testcases.LoginPageTest"/>
  <testcase name="LoginTest" time="7.041" classname="qa.crm.testcases.LoginPageTest"/>
</testsuite> <!-- Suite 04 - Chrome -->
