<?xml version="1.0" encoding="UTF-8"?>
<!-- Generated by org.testng.reporters.JUnitXMLReporter -->
<testsuite hostname="Rajiv" ignored="0" name="Suite 01 - Chrome" tests="3" failures="0" timestamp="03 Feb 2019 06:03:10 GMT" time="88.358" errors="0">
  <testcase name="validateLoginImage" time="1.217" classname="qa.crm.testcases.LoginPageTest"/>
  <testcase name="validateLoginPageTitle" time="0.869" classname="qa.crm.testcases.LoginPageTest"/>
  <testcase name="LoginTest" time="7.605" classname="qa.crm.testcases.LoginPageTest"/>
</testsuite> <!-- Suite 01 - Chrome -->
