<?xml version="1.0" encoding="UTF-8"?>
<!-- Generated by org.testng.reporters.JUnitXMLReporter -->
<testsuite hostname="Rajiv" ignored="0" name="Suite 01 - Chrome" tests="1" failures="1" timestamp="12 Nov 2019 10:21:07 GMT" time="0.059" errors="0">
  <testcase name="homePageTitle2" time="0.015" classname="qa.crm.testcases.HomePageTest">
    <failure type="java.lang.NullPointerException">
      <![CDATA[java.lang.NullPointerException
	at qa.crm.utility.TestUtility.CapatureScreenShot(TestUtility.java:22)
	at qa.crm.utility.TestListener.onTestStart(TestListener.java:16)
... Removed 22 stack frames]]>
    </failure>
  </testcase> <!-- homePageTitle2 -->
</testsuite> <!-- Suite 01 - Chrome -->
