<?xml version="1.0" encoding="UTF-8"?>
<!-- Generated by org.testng.reporters.JUnitXMLReporter -->
<testsuite hostname="Rajiv" ignored="2" name="Test" tests="1" failures="0" timestamp="28 Jun 2020 12:47:55 GMT" time="33.066" errors="0">
  <testcase name="validateLoginImage" time="0.116" classname="qa.crm.testcases.LoginPageTest"/>
  <testcase name="validateLoginPageTitle" time="0.0" classname="qa.crm.testcases.LoginPageTest">
    <ignored/>
  </testcase> <!-- validateLoginPageTitle -->
  <testcase name="LoginTest" time="0.0" classname="qa.crm.testcases.LoginPageTest">
    <ignored/>
  </testcase> <!-- LoginTest -->
</testsuite> <!-- Test -->
