<?xml version="1.0" encoding="UTF-8"?>
<!-- Generated by org.testng.reporters.JUnitXMLReporter -->
<testsuite hostname="Rajiv" ignored="0" name="Suite 01 - Chrome" tests="3" failures="0" timestamp="03 Feb 2019 13:24:39 GMT" time="212.556" errors="0">
  <testcase name="validateLoginImage" time="11.38" classname="qa.crm.testcases.LoginPageTest"/>
  <testcase name="validateLoginPageTitle" time="3.285" classname="qa.crm.testcases.LoginPageTest"/>
  <testcase name="LoginTest" time="40.87" classname="qa.crm.testcases.LoginPageTest"/>
</testsuite> <!-- Suite 01 - Chrome -->
