<?xml version="1.0" encoding="UTF-8"?>
<testng-results skipped="0" failed="0" ignored="0" total="3" passed="3">
  <reporter-output>
  </reporter-output>
  <suite name="Suite" duration-ms="212556" started-at="2019-02-03T13:21:04Z" finished-at="2019-02-03T13:24:36Z">
    <groups>
    </groups>
    <test name="Suite 01 - Chrome" duration-ms="212556" started-at="2019-02-03T13:21:04Z" finished-at="2019-02-03T13:24:36Z">
      <class name="qa.crm.testcases.LoginPageTest">
        <test-method status="PASS" signature="ExtentReportsetup()[pri:0, instance:qa.crm.testcases.LoginPageTest@337d0578]" name="ExtentReportsetup" is-config="true" duration-ms="235" started-at="2019-02-03T18:51:04Z" finished-at="2019-02-03T18:51:04Z">
          <reporter-output>
          </reporter-output>
        </test-method> <!-- ExtentReportsetup -->
        <test-method status="PASS" signature="setup(java.lang.String)[pri:0, instance:qa.crm.testcases.LoginPageTest@337d0578]" name="setup" is-config="true" duration-ms="84912" started-at="2019-02-03T18:51:04Z" finished-at="2019-02-03T18:52:29Z">
          <params>
            <param index="0">
              <value>
                <![CDATA[chrome]]>
              </value>
            </param>
          </params>
          <reporter-output>
          </reporter-output>
        </test-method> <!-- setup -->
        <test-method status="PASS" signature="validateLoginImage()[pri:1, instance:qa.crm.testcases.LoginPageTest@337d0578]" name="validateLoginImage" duration-ms="11380" started-at="2019-02-03T18:52:29Z" finished-at="2019-02-03T18:52:40Z">
          <reporter-output>
          </reporter-output>
        </test-method> <!-- validateLoginImage -->
        <test-method status="PASS" signature="closeTest()[pri:0, instance:qa.crm.testcases.LoginPageTest@337d0578]" name="closeTest" is-config="true" duration-ms="4833" started-at="2019-02-03T18:52:40Z" finished-at="2019-02-03T18:52:45Z">
          <reporter-output>
          </reporter-output>
        </test-method> <!-- closeTest -->
        <test-method status="PASS" signature="setup(org.testng.ITestResult)[pri:0, instance:qa.crm.testcases.LoginPageTest@337d0578]" name="setup" is-config="true" duration-ms="55" started-at="2019-02-03T18:52:45Z" finished-at="2019-02-03T18:52:45Z">
          <params>
            <param index="0">
              <value>
                <![CDATA[[TestResult name=validateLoginImage status=SUCCESS method=LoginPageTest.validateLoginImage()[pri:1, instance:qa.crm.testcases.LoginPageTest@337d0578] output={null}]]]>
              </value>
            </param>
          </params>
          <reporter-output>
          </reporter-output>
        </test-method> <!-- setup -->
        <test-method status="PASS" signature="setup(java.lang.String)[pri:0, instance:qa.crm.testcases.LoginPageTest@337d0578]" name="setup" is-config="true" duration-ms="34592" started-at="2019-02-03T18:52:45Z" finished-at="2019-02-03T18:53:20Z">
          <params>
            <param index="0">
              <value>
                <![CDATA[chrome]]>
              </value>
            </param>
          </params>
          <reporter-output>
          </reporter-output>
        </test-method> <!-- setup -->
        <test-method status="PASS" signature="validateLoginPageTitle()[pri:2, instance:qa.crm.testcases.LoginPageTest@337d0578]" name="validateLoginPageTitle" duration-ms="3285" started-at="2019-02-03T18:53:20Z" finished-at="2019-02-03T18:53:23Z">
          <reporter-output>
          </reporter-output>
        </test-method> <!-- validateLoginPageTitle -->
        <test-method status="PASS" signature="closeTest()[pri:0, instance:qa.crm.testcases.LoginPageTest@337d0578]" name="closeTest" is-config="true" duration-ms="3797" started-at="2019-02-03T18:53:23Z" finished-at="2019-02-03T18:53:27Z">
          <reporter-output>
          </reporter-output>
        </test-method> <!-- closeTest -->
        <test-method status="PASS" signature="setup(org.testng.ITestResult)[pri:0, instance:qa.crm.testcases.LoginPageTest@337d0578]" name="setup" is-config="true" duration-ms="1" started-at="2019-02-03T18:53:27Z" finished-at="2019-02-03T18:53:27Z">
          <params>
            <param index="0">
              <value>
                <![CDATA[[TestResult name=validateLoginPageTitle status=SUCCESS method=LoginPageTest.validateLoginPageTitle()[pri:2, instance:qa.crm.testcases.LoginPageTest@337d0578] output={null}]]]>
              </value>
            </param>
          </params>
          <reporter-output>
          </reporter-output>
        </test-method> <!-- setup -->
        <test-method status="PASS" signature="setup(java.lang.String)[pri:0, instance:qa.crm.testcases.LoginPageTest@337d0578]" name="setup" is-config="true" duration-ms="27358" started-at="2019-02-03T18:53:27Z" finished-at="2019-02-03T18:53:54Z">
          <params>
            <param index="0">
              <value>
                <![CDATA[chrome]]>
              </value>
            </param>
          </params>
          <reporter-output>
          </reporter-output>
        </test-method> <!-- setup -->
        <test-method status="PASS" signature="LoginTest()[pri:3, instance:qa.crm.testcases.LoginPageTest@337d0578]" name="LoginTest" duration-ms="40870" started-at="2019-02-03T18:53:54Z" finished-at="2019-02-03T18:54:35Z">
          <reporter-output>
          </reporter-output>
        </test-method> <!-- LoginTest -->
        <test-method status="PASS" signature="closeTest()[pri:0, instance:qa.crm.testcases.LoginPageTest@337d0578]" name="closeTest" is-config="true" duration-ms="1205" started-at="2019-02-03T18:54:35Z" finished-at="2019-02-03T18:54:36Z">
          <reporter-output>
          </reporter-output>
        </test-method> <!-- closeTest -->
        <test-method status="PASS" signature="setup(org.testng.ITestResult)[pri:0, instance:qa.crm.testcases.LoginPageTest@337d0578]" name="setup" is-config="true" duration-ms="1" started-at="2019-02-03T18:54:36Z" finished-at="2019-02-03T18:54:36Z">
          <params>
            <param index="0">
              <value>
                <![CDATA[[TestResult name=LoginTest status=SUCCESS method=LoginPageTest.LoginTest()[pri:3, instance:qa.crm.testcases.LoginPageTest@337d0578] output={null}]]]>
              </value>
            </param>
          </params>
          <reporter-output>
          </reporter-output>
        </test-method> <!-- setup -->
      </class> <!-- qa.crm.testcases.LoginPageTest -->
    </test> <!-- Suite 01 - Chrome -->
  </suite> <!-- Suite -->
</testng-results>
