<?xml version="1.0" encoding="UTF-8"?>
<testng-results skipped="0" failed="0" ignored="0" total="3" passed="3">
  <reporter-output>
  </reporter-output>
  <suite name="Suite" duration-ms="88358" started-at="2019-02-03T06:01:41Z" finished-at="2019-02-03T06:03:09Z">
    <groups>
    </groups>
    <test name="Suite 01 - Chrome" duration-ms="88358" started-at="2019-02-03T06:01:41Z" finished-at="2019-02-03T06:03:09Z">
      <class name="qa.crm.testcases.LoginPageTest">
        <test-method status="PASS" signature="ExtentReportsetup()[pri:0, instance:qa.crm.testcases.LoginPageTest@369f73a2]" name="ExtentReportsetup" is-config="true" duration-ms="203" started-at="2019-02-03T11:31:41Z" finished-at="2019-02-03T11:31:41Z">
          <reporter-output>
          </reporter-output>
        </test-method> <!-- ExtentReportsetup -->
        <test-method status="PASS" signature="setup(java.lang.String)[pri:0, instance:qa.crm.testcases.LoginPageTest@369f73a2]" name="setup" is-config="true" duration-ms="28997" started-at="2019-02-03T11:31:41Z" finished-at="2019-02-03T11:32:10Z">
          <params>
            <param index="0">
              <value>
                <![CDATA[chrome]]>
              </value>
            </param>
          </params>
          <reporter-output>
          </reporter-output>
        </test-method> <!-- setup -->
        <test-method status="PASS" signature="validateLoginImage()[pri:1, instance:qa.crm.testcases.LoginPageTest@369f73a2]" name="validateLoginImage" duration-ms="1217" started-at="2019-02-03T11:32:10Z" finished-at="2019-02-03T11:32:11Z">
          <reporter-output>
          </reporter-output>
        </test-method> <!-- validateLoginImage -->
        <test-method status="PASS" signature="closeTest()[pri:0, instance:qa.crm.testcases.LoginPageTest@369f73a2]" name="closeTest" is-config="true" duration-ms="1790" started-at="2019-02-03T11:32:11Z" finished-at="2019-02-03T11:32:13Z">
          <reporter-output>
          </reporter-output>
        </test-method> <!-- closeTest -->
        <test-method status="PASS" signature="setup(org.testng.ITestResult)[pri:0, instance:qa.crm.testcases.LoginPageTest@369f73a2]" name="setup" is-config="true" duration-ms="0" started-at="2019-02-03T11:32:13Z" finished-at="2019-02-03T11:32:13Z">
          <params>
            <param index="0">
              <value>
                <![CDATA[[TestResult name=validateLoginImage status=SUCCESS method=LoginPageTest.validateLoginImage()[pri:1, instance:qa.crm.testcases.LoginPageTest@369f73a2] output={null}]]]>
              </value>
            </param>
          </params>
          <reporter-output>
          </reporter-output>
        </test-method> <!-- setup -->
        <test-method status="PASS" signature="setup(java.lang.String)[pri:0, instance:qa.crm.testcases.LoginPageTest@369f73a2]" name="setup" is-config="true" duration-ms="23572" started-at="2019-02-03T11:32:13Z" finished-at="2019-02-03T11:32:37Z">
          <params>
            <param index="0">
              <value>
                <![CDATA[chrome]]>
              </value>
            </param>
          </params>
          <reporter-output>
          </reporter-output>
        </test-method> <!-- setup -->
        <test-method status="PASS" signature="validateLoginPageTitle()[pri:2, instance:qa.crm.testcases.LoginPageTest@369f73a2]" name="validateLoginPageTitle" duration-ms="869" started-at="2019-02-03T11:32:37Z" finished-at="2019-02-03T11:32:37Z">
          <reporter-output>
          </reporter-output>
        </test-method> <!-- validateLoginPageTitle -->
        <test-method status="PASS" signature="closeTest()[pri:0, instance:qa.crm.testcases.LoginPageTest@369f73a2]" name="closeTest" is-config="true" duration-ms="1681" started-at="2019-02-03T11:32:37Z" finished-at="2019-02-03T11:32:39Z">
          <reporter-output>
          </reporter-output>
        </test-method> <!-- closeTest -->
        <test-method status="PASS" signature="setup(org.testng.ITestResult)[pri:0, instance:qa.crm.testcases.LoginPageTest@369f73a2]" name="setup" is-config="true" duration-ms="0" started-at="2019-02-03T11:32:39Z" finished-at="2019-02-03T11:32:39Z">
          <params>
            <param index="0">
              <value>
                <![CDATA[[TestResult name=validateLoginPageTitle status=SUCCESS method=LoginPageTest.validateLoginPageTitle()[pri:2, instance:qa.crm.testcases.LoginPageTest@369f73a2] output={null}]]]>
              </value>
            </param>
          </params>
          <reporter-output>
          </reporter-output>
        </test-method> <!-- setup -->
        <test-method status="PASS" signature="setup(java.lang.String)[pri:0, instance:qa.crm.testcases.LoginPageTest@369f73a2]" name="setup" is-config="true" duration-ms="20905" started-at="2019-02-03T11:32:39Z" finished-at="2019-02-03T11:33:00Z">
          <params>
            <param index="0">
              <value>
                <![CDATA[chrome]]>
              </value>
            </param>
          </params>
          <reporter-output>
          </reporter-output>
        </test-method> <!-- setup -->
        <test-method status="PASS" signature="LoginTest()[pri:3, instance:qa.crm.testcases.LoginPageTest@369f73a2]" name="LoginTest" duration-ms="7605" started-at="2019-02-03T11:33:00Z" finished-at="2019-02-03T11:33:08Z">
          <reporter-output>
          </reporter-output>
        </test-method> <!-- LoginTest -->
        <test-method status="PASS" signature="closeTest()[pri:0, instance:qa.crm.testcases.LoginPageTest@369f73a2]" name="closeTest" is-config="true" duration-ms="1512" started-at="2019-02-03T11:33:08Z" finished-at="2019-02-03T11:33:09Z">
          <reporter-output>
          </reporter-output>
        </test-method> <!-- closeTest -->
        <test-method status="PASS" signature="setup(org.testng.ITestResult)[pri:0, instance:qa.crm.testcases.LoginPageTest@369f73a2]" name="setup" is-config="true" duration-ms="0" started-at="2019-02-03T11:33:09Z" finished-at="2019-02-03T11:33:09Z">
          <params>
            <param index="0">
              <value>
                <![CDATA[[TestResult name=LoginTest status=SUCCESS method=LoginPageTest.LoginTest()[pri:3, instance:qa.crm.testcases.LoginPageTest@369f73a2] output={null}]]]>
              </value>
            </param>
          </params>
          <reporter-output>
          </reporter-output>
        </test-method> <!-- setup -->
      </class> <!-- qa.crm.testcases.LoginPageTest -->
    </test> <!-- Suite 01 - Chrome -->
  </suite> <!-- Suite -->
</testng-results>
