<?xml version="1.0" encoding="UTF-8"?>
<testng-results skipped="0" failed="0" ignored="2" total="3" passed="1">
  <reporter-output>
  </reporter-output>
  <suite name="Suite" duration-ms="33066" started-at="2020-06-28T12:47:21Z" finished-at="2020-06-28T12:47:54Z">
    <groups>
    </groups>
    <test name="Test" duration-ms="33066" started-at="2020-06-28T12:47:21Z" finished-at="2020-06-28T12:47:54Z">
      <class name="qa.crm.testcases.LoginPageTest">
        <test-method status="PASS" signature="PageSetup()[pri:0, instance:qa.crm.testcases.LoginPageTest@eb6449b]" name="PageSetup" is-config="true" duration-ms="29305" started-at="2020-06-28T18:17:24Z" finished-at="2020-06-28T18:17:53Z">
          <reporter-output>
          </reporter-output>
        </test-method> <!-- PageSetup -->
        <test-method status="PASS" signature="validateLoginImage()[pri:1, instance:qa.crm.testcases.LoginPageTest@eb6449b]" name="validateLoginImage" duration-ms="116" started-at="2020-06-28T18:17:53Z" finished-at="2020-06-28T18:17:53Z">
          <reporter-output>
          </reporter-output>
        </test-method> <!-- validateLoginImage -->
        <test-method status="PASS" signature="setup()[pri:0, instance:qa.crm.testcases.LoginPageTest@eb6449b]" name="setup" is-config="true" duration-ms="1477" started-at="2020-06-28T18:17:53Z" finished-at="2020-06-28T18:17:54Z">
          <reporter-output>
          </reporter-output>
        </test-method> <!-- setup -->
      </class> <!-- qa.crm.testcases.LoginPageTest -->
    </test> <!-- Test -->
  </suite> <!-- Suite -->
</testng-results>
